2020-07-01 17:24:56,386 [ 1] INFO  Unity: LoadingManager start
2020-07-01 17:24:59,743 [ 1] INFO  Unity: DataManager > DataManager()
2020-07-01 17:25:13,136 [ 1] INFO  Unity: UserLoginRequest::user :user1 psw:123
2020-07-01 17:25:13,139 [ 1] INFO  Unity: ConnectToServer() Start 
2020-07-01 17:25:13,146 [ 1] INFO  Unity: DoConnect
2020-07-01 17:25:13,148 [ 1] INFO  Unity: NetClient.DoConnect on 127.0.0.1:8000
2020-07-01 17:25:13,159 [ 1] INFO  Unity: Connect[0] to server 127.0.0.1:8000

2020-07-01 17:25:13,165 [ 1] INFO  Unity: LoadingMesager::OnGameServerConnect :0 reason:Success
2020-07-01 17:25:13,333 [ 1] INFO  Unity: OnLogin:Success [None]
2020-07-01 17:25:13,337 [ 1] INFO  Unity: LoadLevel: CharSelect
2020-07-01 17:25:13,712 [ 1] INFO  Unity: LevelLoadCompleted:1
2020-07-01 17:25:14,524 [ 1] INFO  Unity: Select Char:[1]杨哥[Warrior]
2020-07-01 17:25:15,197 [ 1] INFO  Unity: UserGameEnterRequest::characterId :0
2020-07-01 17:25:15,251 [ 1] INFO  Unity: OnGameEnter:Success [None]
2020-07-01 17:25:15,254 [ 1] INFO  Unity: ItemManager : Init() : ID 1  Count 20
2020-07-01 17:25:15,255 [ 1] INFO  Unity: ItemManager : Init() : ID 2  Count 20
2020-07-01 17:25:15,269 [ 1] INFO  Unity: OnMapCharacterEnter: map: 1 count: 1
2020-07-01 17:25:15,274 [ 1] INFO  Unity: AddCharacter:10:杨哥 Map:1 Entity:(10:pos:(5000,4000,820),dir:(100,0,0),spd:0
2020-07-01 17:25:15,280 [ 1] INFO  Unity: LoadLevel: MainCity
2020-07-01 17:25:16,212 [ 1] WARN  Unity: MainPlayerCamera  [-349604] Awake
UnityEngine.Debug:LogWarningFormat(String, Object[])
MonoSingleton`1:Awake() (at Assets/Scripts/Utilities/MonoSingleton.cs:23)

2020-07-01 17:25:16,213 [ 1] WARN  Unity: GameObjectManager  [-347232] Awake
UnityEngine.Debug:LogWarningFormat(String, Object[])
MonoSingleton`1:Awake() (at Assets/Scripts/Utilities/MonoSingleton.cs:23)

2020-07-01 17:25:16,218 [ 1] WARN  Unity: UIWorldElementManager  [-344664] Awake
UnityEngine.Debug:LogWarningFormat(String, Object[])
MonoSingleton`1:Awake() (at Assets/Scripts/Utilities/MonoSingleton.cs:23)

2020-07-01 17:25:16,221 [ 1] WARN  Unity: UIMain  [168342] Awake
UnityEngine.Debug:LogWarningFormat(String, Object[])
MonoSingleton`1:Awake() (at Assets/Scripts/Utilities/MonoSingleton.cs:23)

2020-07-01 17:25:16,276 [ 1] INFO  Unity: LevelLoadCompleted:1
2020-07-01 17:25:17,280 [ 1] INFO  Unity: SetDirection:(98, -18, 0)
2020-07-01 17:25:17,282 [ 1] INFO  Unity: MapEntityUpdateRequest： ID 10 POS SkillBridge.Message.NVector3 DIR SkillBridge.Message.NVector3 SPEED 0
2020-07-01 17:25:17,381 [ 1] INFO  Unity: SetDirection:(94, -35, 0)
2020-07-01 17:25:17,381 [ 1] INFO  Unity: MapEntityUpdateRequest： ID 10 POS SkillBridge.Message.NVector3 DIR SkillBridge.Message.NVector3 SPEED 0
2020-07-01 17:25:17,397 [ 1] INFO  Unity: MoveForward
2020-07-01 17:25:17,399 [ 1] INFO  Unity: MapEntityUpdateRequest： ID 10 POS SkillBridge.Message.NVector3 DIR SkillBridge.Message.NVector3 SPEED 300
2020-07-01 17:25:17,459 [ 1] INFO  Unity: SetDirection:(86, -51, 0)
2020-07-01 17:25:17,459 [ 1] INFO  Unity: MapEntityUpdateRequest： ID 10 POS SkillBridge.Message.NVector3 DIR SkillBridge.Message.NVector3 SPEED 300
2020-07-01 17:25:17,547 [ 1] INFO  Unity: SetDirection:(76, -65, 0)
2020-07-01 17:25:17,548 [ 1] INFO  Unity: MapEntityUpdateRequest： ID 10 POS SkillBridge.Message.NVector3 DIR SkillBridge.Message.NVector3 SPEED 300
2020-07-01 17:25:17,632 [ 1] INFO  Unity: SetDirection:(63, -77, 0)
2020-07-01 17:25:17,633 [ 1] INFO  Unity: MapEntityUpdateRequest： ID 10 POS SkillBridge.Message.NVector3 DIR SkillBridge.Message.NVector3 SPEED 300
2020-07-01 17:25:17,719 [ 1] INFO  Unity: SetDirection:(49, -87, 0)
2020-07-01 17:25:17,720 [ 1] INFO  Unity: MapEntityUpdateRequest： ID 10 POS SkillBridge.Message.NVector3 DIR SkillBridge.Message.NVector3 SPEED 300
2020-07-01 17:25:17,790 [ 1] INFO  Unity: SetDirection:(33, -94, 0)
2020-07-01 17:25:17,791 [ 1] INFO  Unity: MapEntityUpdateRequest： ID 10 POS SkillBridge.Message.NVector3 DIR SkillBridge.Message.NVector3 SPEED 300
2020-07-01 17:25:17,893 [ 1] INFO  Unity: SetDirection:(13, -99, 0)
2020-07-01 17:25:17,894 [ 1] INFO  Unity: MapEntityUpdateRequest： ID 10 POS SkillBridge.Message.NVector3 DIR SkillBridge.Message.NVector3 SPEED 300
2020-07-01 17:25:18,028 [ 1] INFO  Unity: SetDirection:(-6, -100, 0)
2020-07-01 17:25:18,029 [ 1] INFO  Unity: MapEntityUpdateRequest： ID 10 POS SkillBridge.Message.NVector3 DIR SkillBridge.Message.NVector3 SPEED 300
2020-07-01 17:25:18,393 [ 1] INFO  Unity: SetDirection:(-24, -97, 0)
2020-07-01 17:25:18,394 [ 1] INFO  Unity: MapEntityUpdateRequest： ID 10 POS SkillBridge.Message.NVector3 DIR SkillBridge.Message.NVector3 SPEED 300
2020-07-01 17:25:18,821 [ 1] INFO  Unity: SetDirection:(-41, -91, 0)
2020-07-01 17:25:18,822 [ 1] INFO  Unity: MapEntityUpdateRequest： ID 10 POS SkillBridge.Message.NVector3 DIR SkillBridge.Message.NVector3 SPEED 300
2020-07-01 17:25:18,991 [ 1] INFO  Unity: SetDirection:(-57, -82, 0)
2020-07-01 17:25:18,993 [ 1] INFO  Unity: MapEntityUpdateRequest： ID 10 POS SkillBridge.Message.NVector3 DIR SkillBridge.Message.NVector3 SPEED 300
2020-07-01 17:25:19,391 [ 1] INFO  Unity: SetDirection:(-71, -71, 0)
2020-07-01 17:25:19,392 [ 1] INFO  Unity: MapEntityUpdateRequest： ID 10 POS SkillBridge.Message.NVector3 DIR SkillBridge.Message.NVector3 SPEED 300
2020-07-01 17:25:20,464 [ 1] INFO  Unity: SetPosition:(4751, 3246, 805)
2020-07-01 17:25:20,464 [ 1] INFO  Unity: MapEntityUpdateRequest： ID 10 POS SkillBridge.Message.NVector3 DIR SkillBridge.Message.NVector3 SPEED 300
2020-07-01 17:25:20,495 [ 1] INFO  Unity: SetDirection:(-82, -57, 0)
2020-07-01 17:25:20,496 [ 1] INFO  Unity: MapEntityUpdateRequest： ID 10 POS SkillBridge.Message.NVector3 DIR SkillBridge.Message.NVector3 SPEED 300
2020-07-01 17:25:20,974 [ 1] INFO  Unity: SetDirection:(-91, -42, 0)
2020-07-01 17:25:20,975 [ 1] INFO  Unity: MapEntityUpdateRequest： ID 10 POS SkillBridge.Message.NVector3 DIR SkillBridge.Message.NVector3 SPEED 300
2020-07-01 17:25:22,807 [ 1] INFO  Unity: SetDirection:(-97, -25, 0)
2020-07-01 17:25:22,808 [ 1] INFO  Unity: MapEntityUpdateRequest： ID 10 POS SkillBridge.Message.NVector3 DIR SkillBridge.Message.NVector3 SPEED 300
2020-07-01 17:25:22,939 [ 1] INFO  Unity: SetPosition:(4089, 2917, 805)
2020-07-01 17:25:22,940 [ 1] INFO  Unity: MapEntityUpdateRequest： ID 10 POS SkillBridge.Message.NVector3 DIR SkillBridge.Message.NVector3 SPEED 300
2020-07-01 17:25:25,628 [ 1] INFO  Unity: SetDirection:(-100, -7, 0)
2020-07-01 17:25:25,629 [ 1] INFO  Unity: MapEntityUpdateRequest： ID 10 POS SkillBridge.Message.NVector3 DIR SkillBridge.Message.NVector3 SPEED 300
2020-07-01 17:25:25,781 [ 1] INFO  Unity: SetPosition:(3261, 2712, 805)
2020-07-01 17:25:25,782 [ 1] INFO  Unity: MapEntityUpdateRequest： ID 10 POS SkillBridge.Message.NVector3 DIR SkillBridge.Message.NVector3 SPEED 300
2020-07-01 17:25:28,157 [ 1] INFO  Unity: SetPosition:(2550, 2662, 805)
2020-07-01 17:25:28,159 [ 1] INFO  Unity: MapEntityUpdateRequest： ID 10 POS SkillBridge.Message.NVector3 DIR SkillBridge.Message.NVector3 SPEED 300
2020-07-01 17:25:30,536 [ 1] INFO  Unity: SetPosition:(1833, 2612, 805)
2020-07-01 17:25:30,538 [ 1] INFO  Unity: MapEntityUpdateRequest： ID 10 POS SkillBridge.Message.NVector3 DIR SkillBridge.Message.NVector3 SPEED 300
2020-07-01 17:25:31,436 [ 1] INFO  Unity: TeleportObject: Chacater : [杨哥]  Enter Teleport [3:主城传入点1] 
2020-07-01 17:25:32,906 [ 1] INFO  Unity: SetPosition:(1122, 2562, 805)
2020-07-01 17:25:32,906 [ 1] INFO  Unity: MapEntityUpdateRequest： ID 10 POS SkillBridge.Message.NVector3 DIR SkillBridge.Message.NVector3 SPEED 300
2020-07-01 17:25:34,253 [ 1] INFO  Unity: TeleportObject: Chacater : [杨哥]  Enter Teleport [1:主城->野外] 
2020-07-01 17:25:34,255 [ 1] INFO  Unity: MapTeleportRequest： teleporterIdID 1
2020-07-01 17:25:34,289 [ 1] INFO  Unity: OnMapCharacterLeave:charID:10
2020-07-01 17:25:34,292 [ 1] INFO  Unity: RemoveCharacter:10
2020-07-01 17:25:34,295 [ 1] INFO  Unity: Character_10_杨哥 OnDestroy :ID:10 POS:(712, 2562, 805) DIR:(-100, -7, 0) SPD:300 
2020-07-01 17:25:34,305 [ 1] INFO  Unity: OnMapCharacterEnter: map: 2 count: 5
2020-07-01 17:25:34,306 [ 1] INFO  Unity: AddCharacter:10:杨哥 Map:2 Entity:(10:pos:(2605,3992,18),dir:(100,0,0),spd:300
2020-07-01 17:25:34,315 [ 1] INFO  Unity: AddCharacter:2:恶鬼 Map:2 Entity:(2:pos:(5887,1573,7),dir:(9,100,0),spd:0
2020-07-01 17:25:34,326 [ 1] INFO  Unity: AddCharacter:3:山丘巨人 Map:2 Entity:(3:pos:(5540,1682,4),dir:(20,98,0),spd:0
2020-07-01 17:25:34,357 [ 1] INFO  Unity: AddCharacter:4:小恶魔 Map:2 Entity:(4:pos:(4775,2865,14),dir:(-30,95,0),spd:0
2020-07-01 17:25:34,379 [ 1] INFO  Unity: AddCharacter:5:死神 Map:2 Entity:(5:pos:(5683,4173,0),dir:(28,-96,0),spd:0
2020-07-01 17:25:34,414 [ 1] INFO  Unity: LoadLevel: Map01
2020-07-01 17:25:34,838 [ 1] INFO  Unity: MoveForward
2020-07-01 17:25:34,839 [ 1] INFO  Unity: MapEntityUpdateRequest： ID 10 POS SkillBridge.Message.NVector3 DIR SkillBridge.Message.NVector3 SPEED 300
2020-07-01 17:25:34,897 [ 1] WARN  Unity: No mesh data available for mesh Sphere001 on particle system fx_portal. Make sure Read/Write Enabled is set in the importer to work on the particle system renderer

2020-07-01 17:25:35,061 [ 1] INFO  Unity: LevelLoadCompleted:1
2020-07-01 17:25:35,065 [ 1] INFO  Unity: Stop
2020-07-01 17:25:35,067 [ 1] INFO  Unity: MapEntityUpdateRequest： ID 10 POS SkillBridge.Message.NVector3 DIR SkillBridge.Message.NVector3 SPEED 0
2020-07-01 17:25:35,069 [ 1] INFO  Unity: TeleportObject: Chacater : [杨哥]  Enter Teleport [6:野外传入点] 
2020-07-01 17:25:35,538 [ 1] INFO  Unity: MoveForward
2020-07-01 17:25:35,539 [ 1] INFO  Unity: MapEntityUpdateRequest： ID 10 POS SkillBridge.Message.NVector3 DIR SkillBridge.Message.NVector3 SPEED 300
2020-07-01 17:25:36,168 [ 1] INFO  Unity: SetDirection:(98, -18, 0)
2020-07-01 17:25:36,169 [ 1] INFO  Unity: MapEntityUpdateRequest： ID 10 POS SkillBridge.Message.NVector3 DIR SkillBridge.Message.NVector3 SPEED 300
2020-07-01 17:25:36,335 [ 1] INFO  Unity: SetDirection:(94, -35, 0)
2020-07-01 17:25:36,335 [ 1] INFO  Unity: MapEntityUpdateRequest： ID 10 POS SkillBridge.Message.NVector3 DIR SkillBridge.Message.NVector3 SPEED 300
2020-07-01 17:25:38,403 [ 1] INFO  Unity: SetPosition:(3459, 3766, 5)
2020-07-01 17:25:38,404 [ 1] INFO  Unity: MapEntityUpdateRequest： ID 10 POS SkillBridge.Message.NVector3 DIR SkillBridge.Message.NVector3 SPEED 300
2020-07-01 17:25:40,608 [ 1] INFO  Unity: SetPosition:(4080, 3534, 5)
2020-07-01 17:25:40,608 [ 1] INFO  Unity: MapEntityUpdateRequest： ID 10 POS SkillBridge.Message.NVector3 DIR SkillBridge.Message.NVector3 SPEED 300
2020-07-01 17:25:42,257 [ 1] INFO  Unity: SetDirection:(86, -51, 0)
2020-07-01 17:25:42,258 [ 1] INFO  Unity: MapEntityUpdateRequest： ID 10 POS SkillBridge.Message.NVector3 DIR SkillBridge.Message.NVector3 SPEED 300
2020-07-01 17:25:42,906 [ 1] INFO  Unity: SetDirection:(76, -66, 0)
2020-07-01 17:25:42,908 [ 1] INFO  Unity: MapEntityUpdateRequest： ID 10 POS SkillBridge.Message.NVector3 DIR SkillBridge.Message.NVector3 SPEED 300
2020-07-01 17:25:43,395 [ 1] INFO  Unity: SetDirection:(63, -78, 0)
2020-07-01 17:25:43,396 [ 1] INFO  Unity: MapEntityUpdateRequest： ID 10 POS SkillBridge.Message.NVector3 DIR SkillBridge.Message.NVector3 SPEED 300
2020-07-01 17:25:44,638 [ 1] INFO  Unity: SetDirection:(76, -65, 0)
2020-07-01 17:25:44,639 [ 1] INFO  Unity: MapEntityUpdateRequest： ID 10 POS SkillBridge.Message.NVector3 DIR SkillBridge.Message.NVector3 SPEED 300
2020-07-01 17:25:44,789 [ 1] INFO  Unity: SetDirection:(86, -50, 0)
2020-07-01 17:25:44,790 [ 1] INFO  Unity: MapEntityUpdateRequest： ID 10 POS SkillBridge.Message.NVector3 DIR SkillBridge.Message.NVector3 SPEED 300
2020-07-01 17:25:45,175 [ 1] INFO  Unity: SetPosition:(5192, 2789, 5)
2020-07-01 17:25:45,176 [ 1] INFO  Unity: MapEntityUpdateRequest： ID 10 POS SkillBridge.Message.NVector3 DIR SkillBridge.Message.NVector3 SPEED 300
2020-07-01 17:25:45,572 [ 1] INFO  Unity: SetDirection:(76, -65, 0)
2020-07-01 17:25:45,573 [ 1] INFO  Unity: MapEntityUpdateRequest： ID 10 POS SkillBridge.Message.NVector3 DIR SkillBridge.Message.NVector3 SPEED 300
2020-07-01 17:25:46,037 [ 1] INFO  Unity: SetDirection:(63, -78, 0)
2020-07-01 17:25:46,038 [ 1] INFO  Unity: MapEntityUpdateRequest： ID 10 POS SkillBridge.Message.NVector3 DIR SkillBridge.Message.NVector3 SPEED 300
2020-07-01 17:25:46,188 [ 1] INFO  Unity: SetDirection:(47, -88, 0)
2020-07-01 17:25:46,189 [ 1] INFO  Unity: MapEntityUpdateRequest： ID 10 POS SkillBridge.Message.NVector3 DIR SkillBridge.Message.NVector3 SPEED 300
2020-07-01 17:25:46,982 [ 1] INFO  Unity: SetDirection:(62, -78, 0)
2020-07-01 17:25:46,983 [ 1] INFO  Unity: MapEntityUpdateRequest： ID 10 POS SkillBridge.Message.NVector3 DIR SkillBridge.Message.NVector3 SPEED 300
2020-07-01 17:25:47,611 [ 1] INFO  Unity: SetDirection:(46, -89, 0)
2020-07-01 17:25:47,611 [ 1] INFO  Unity: MapEntityUpdateRequest： ID 10 POS SkillBridge.Message.NVector3 DIR SkillBridge.Message.NVector3 SPEED 300
2020-07-01 17:25:47,712 [ 1] INFO  Unity: SetDirection:(27, -96, 0)
2020-07-01 17:25:47,713 [ 1] INFO  Unity: MapEntityUpdateRequest： ID 10 POS SkillBridge.Message.NVector3 DIR SkillBridge.Message.NVector3 SPEED 300
2020-07-01 17:25:47,786 [ 1] INFO  Unity: SetDirection:(10, -100, 0)
2020-07-01 17:25:47,787 [ 1] INFO  Unity: MapEntityUpdateRequest： ID 10 POS SkillBridge.Message.NVector3 DIR SkillBridge.Message.NVector3 SPEED 300
2020-07-01 17:25:47,907 [ 1] INFO  Unity: SetDirection:(-9, -100, 0)
2020-07-01 17:25:47,908 [ 1] INFO  Unity: MapEntityUpdateRequest： ID 10 POS SkillBridge.Message.NVector3 DIR SkillBridge.Message.NVector3 SPEED 300
2020-07-01 17:25:48,733 [ 1] INFO  Unity: Stop
2020-07-01 17:25:48,734 [ 1] INFO  Unity: MapEntityUpdateRequest： ID 10 POS SkillBridge.Message.NVector3 DIR SkillBridge.Message.NVector3 SPEED 0
2020-07-01 17:25:48,768 [ 1] INFO  Unity: SetDirection:(11, -99, 0)
2020-07-01 17:25:48,769 [ 1] INFO  Unity: MapEntityUpdateRequest： ID 10 POS SkillBridge.Message.NVector3 DIR SkillBridge.Message.NVector3 SPEED 0
2020-07-01 17:25:48,843 [ 1] INFO  Unity: SetDirection:(28, -96, 0)
2020-07-01 17:25:48,844 [ 1] INFO  Unity: MapEntityUpdateRequest： ID 10 POS SkillBridge.Message.NVector3 DIR SkillBridge.Message.NVector3 SPEED 0
2020-07-01 17:25:48,923 [ 1] INFO  Unity: SetDirection:(45, -90, 0)
2020-07-01 17:25:48,923 [ 1] INFO  Unity: MapEntityUpdateRequest： ID 10 POS SkillBridge.Message.NVector3 DIR SkillBridge.Message.NVector3 SPEED 0
2020-07-01 17:25:49,022 [ 1] INFO  Unity: SetDirection:(62, -79, 0)
2020-07-01 17:25:49,023 [ 1] INFO  Unity: MapEntityUpdateRequest： ID 10 POS SkillBridge.Message.NVector3 DIR SkillBridge.Message.NVector3 SPEED 0
2020-07-01 17:25:49,162 [ 1] INFO  Unity: SetDirection:(75, -66, 0)
2020-07-01 17:25:49,163 [ 1] INFO  Unity: MapEntityUpdateRequest： ID 10 POS SkillBridge.Message.NVector3 DIR SkillBridge.Message.NVector3 SPEED 0
2020-07-01 17:25:50,096 [ 1] INFO  Unity: SetDirection:(61, -79, 0)
2020-07-01 17:25:50,097 [ 1] INFO  Unity: MapEntityUpdateRequest： ID 10 POS SkillBridge.Message.NVector3 DIR SkillBridge.Message.NVector3 SPEED 0
2020-07-01 17:25:50,192 [ 1] INFO  Unity: SetDirection:(44, -90, 0)
2020-07-01 17:25:50,193 [ 1] INFO  Unity: MapEntityUpdateRequest： ID 10 POS SkillBridge.Message.NVector3 DIR SkillBridge.Message.NVector3 SPEED 0
2020-07-01 17:25:50,275 [ 1] INFO  Unity: SetDirection:(27, -96, 0)
2020-07-01 17:25:50,276 [ 1] INFO  Unity: MapEntityUpdateRequest： ID 10 POS SkillBridge.Message.NVector3 DIR SkillBridge.Message.NVector3 SPEED 0
2020-07-01 17:25:50,383 [ 1] INFO  Unity: SetDirection:(7, -100, 0)
2020-07-01 17:25:50,384 [ 1] INFO  Unity: MapEntityUpdateRequest： ID 10 POS SkillBridge.Message.NVector3 DIR SkillBridge.Message.NVector3 SPEED 0
2020-07-01 17:25:50,456 [ 1] INFO  Unity: SetDirection:(-11, -99, 0)
2020-07-01 17:25:50,457 [ 1] INFO  Unity: MapEntityUpdateRequest： ID 10 POS SkillBridge.Message.NVector3 DIR SkillBridge.Message.NVector3 SPEED 0
2020-07-01 17:25:50,564 [ 1] INFO  Unity: SetDirection:(-31, -95, 0)
2020-07-01 17:25:50,564 [ 1] INFO  Unity: MapEntityUpdateRequest： ID 10 POS SkillBridge.Message.NVector3 DIR SkillBridge.Message.NVector3 SPEED 0
2020-07-01 17:25:50,637 [ 1] INFO  Unity: SetDirection:(-47, -88, 0)
2020-07-01 17:25:50,638 [ 1] INFO  Unity: MapEntityUpdateRequest： ID 10 POS SkillBridge.Message.NVector3 DIR SkillBridge.Message.NVector3 SPEED 0
2020-07-01 17:25:50,760 [ 1] INFO  Unity: SetDirection:(-63, -78, 0)
2020-07-01 17:25:50,761 [ 1] INFO  Unity: MapEntityUpdateRequest： ID 10 POS SkillBridge.Message.NVector3 DIR SkillBridge.Message.NVector3 SPEED 0
2020-07-01 17:25:51,523 [ 1] INFO  Unity: MoveBack
2020-07-01 17:25:51,523 [ 1] INFO  Unity: MapEntityUpdateRequest： ID 10 POS SkillBridge.Message.NVector3 DIR SkillBridge.Message.NVector3 SPEED -300
2020-07-01 17:25:53,438 [ 1] INFO  Unity: SetPosition:(6000, 2341, 5)
2020-07-01 17:25:53,439 [ 1] INFO  Unity: MapEntityUpdateRequest： ID 10 POS SkillBridge.Message.NVector3 DIR SkillBridge.Message.NVector3 SPEED -300
2020-07-01 17:25:53,508 [ 1] INFO  Unity: Stop
2020-07-01 17:25:53,508 [ 1] INFO  Unity: MapEntityUpdateRequest： ID 10 POS SkillBridge.Message.NVector3 DIR SkillBridge.Message.NVector3 SPEED 0
2020-07-01 17:25:53,545 [ 1] INFO  Unity: SetDirection:(-46, -89, 0)
2020-07-01 17:25:53,545 [ 1] INFO  Unity: MapEntityUpdateRequest： ID 10 POS SkillBridge.Message.NVector3 DIR SkillBridge.Message.NVector3 SPEED 0
2020-07-01 17:25:53,610 [ 1] INFO  Unity: SetDirection:(-30, -96, 0)
2020-07-01 17:25:53,611 [ 1] INFO  Unity: MapEntityUpdateRequest： ID 10 POS SkillBridge.Message.NVector3 DIR SkillBridge.Message.NVector3 SPEED 0
2020-07-01 17:25:53,717 [ 1] INFO  Unity: SetDirection:(-10, -99, 0)
2020-07-01 17:25:53,718 [ 1] INFO  Unity: MapEntityUpdateRequest： ID 10 POS SkillBridge.Message.NVector3 DIR SkillBridge.Message.NVector3 SPEED 0
2020-07-01 17:25:53,872 [ 1] INFO  Unity: SetDirection:(8, -100, 0)
2020-07-01 17:25:53,873 [ 1] INFO  Unity: MapEntityUpdateRequest： ID 10 POS SkillBridge.Message.NVector3 DIR SkillBridge.Message.NVector3 SPEED 0
2020-07-01 17:25:54,773 [ 1] INFO  Unity: SetDirection:(26, -97, 0)
2020-07-01 17:25:54,774 [ 1] INFO  Unity: MapEntityUpdateRequest： ID 10 POS SkillBridge.Message.NVector3 DIR SkillBridge.Message.NVector3 SPEED 0
2020-07-01 17:25:54,890 [ 1] INFO  Unity: SetDirection:(44, -90, 0)
2020-07-01 17:25:54,891 [ 1] INFO  Unity: MapEntityUpdateRequest： ID 10 POS SkillBridge.Message.NVector3 DIR SkillBridge.Message.NVector3 SPEED 0
2020-07-01 17:25:54,989 [ 1] INFO  Unity: SetDirection:(61, -79, 0)
2020-07-01 17:25:54,990 [ 1] INFO  Unity: MapEntityUpdateRequest： ID 10 POS SkillBridge.Message.NVector3 DIR SkillBridge.Message.NVector3 SPEED 0
2020-07-01 17:25:55,072 [ 1] INFO  Unity: SetDirection:(74, -67, 0)
2020-07-01 17:25:55,073 [ 1] INFO  Unity: MapEntityUpdateRequest： ID 10 POS SkillBridge.Message.NVector3 DIR SkillBridge.Message.NVector3 SPEED 0
2020-07-01 17:25:55,146 [ 1] INFO  Unity: SetDirection:(85, -53, 0)
2020-07-01 17:25:55,147 [ 1] INFO  Unity: MapEntityUpdateRequest： ID 10 POS SkillBridge.Message.NVector3 DIR SkillBridge.Message.NVector3 SPEED 0
2020-07-01 17:25:55,254 [ 1] INFO  Unity: SetDirection:(94, -34, 0)
2020-07-01 17:25:55,254 [ 1] INFO  Unity: MapEntityUpdateRequest： ID 10 POS SkillBridge.Message.NVector3 DIR SkillBridge.Message.NVector3 SPEED 0
2020-07-01 17:25:55,363 [ 1] INFO  Unity: SetDirection:(99, -14, 0)
2020-07-01 17:25:55,363 [ 1] INFO  Unity: MapEntityUpdateRequest： ID 10 POS SkillBridge.Message.NVector3 DIR SkillBridge.Message.NVector3 SPEED 0
2020-07-01 17:25:55,379 [ 1] INFO  Unity: MoveForward
2020-07-01 17:25:55,380 [ 1] INFO  Unity: MapEntityUpdateRequest： ID 10 POS SkillBridge.Message.NVector3 DIR SkillBridge.Message.NVector3 SPEED 300
2020-07-01 17:25:55,450 [ 1] INFO  Unity: SetDirection:(100, 7, 0)
2020-07-01 17:25:55,451 [ 1] INFO  Unity: MapEntityUpdateRequest： ID 10 POS SkillBridge.Message.NVector3 DIR SkillBridge.Message.NVector3 SPEED 300
2020-07-01 17:25:55,550 [ 1] INFO  Unity: SetDirection:(96, 27, 0)
2020-07-01 17:25:55,551 [ 1] INFO  Unity: MapEntityUpdateRequest： ID 10 POS SkillBridge.Message.NVector3 DIR SkillBridge.Message.NVector3 SPEED 300
2020-07-01 17:25:55,638 [ 1] INFO  Unity: SetDirection:(90, 44, 0)
2020-07-01 17:25:55,639 [ 1] INFO  Unity: MapEntityUpdateRequest： ID 10 POS SkillBridge.Message.NVector3 DIR SkillBridge.Message.NVector3 SPEED 300
2020-07-01 17:25:55,737 [ 1] INFO  Unity: SetDirection:(79, 61, 0)
2020-07-01 17:25:55,737 [ 1] INFO  Unity: MapEntityUpdateRequest： ID 10 POS SkillBridge.Message.NVector3 DIR SkillBridge.Message.NVector3 SPEED 300
2020-07-01 17:25:55,821 [ 1] INFO  Unity: SetDirection:(67, 74, 0)
2020-07-01 17:25:55,822 [ 1] INFO  Unity: MapEntityUpdateRequest： ID 10 POS SkillBridge.Message.NVector3 DIR SkillBridge.Message.NVector3 SPEED 300
2020-07-01 17:25:55,908 [ 1] INFO  Unity: SetDirection:(53, 85, 0)
2020-07-01 17:25:55,909 [ 1] INFO  Unity: MapEntityUpdateRequest： ID 10 POS SkillBridge.Message.NVector3 DIR SkillBridge.Message.NVector3 SPEED 300
2020-07-01 17:25:56,012 [ 1] INFO  Unity: SetDirection:(34, 94, 0)
2020-07-01 17:25:56,013 [ 1] INFO  Unity: MapEntityUpdateRequest： ID 10 POS SkillBridge.Message.NVector3 DIR SkillBridge.Message.NVector3 SPEED 300
2020-07-01 17:25:56,106 [ 1] INFO  Unity: SetDirection:(14, 99, 0)
2020-07-01 17:25:56,107 [ 1] INFO  Unity: MapEntityUpdateRequest： ID 10 POS SkillBridge.Message.NVector3 DIR SkillBridge.Message.NVector3 SPEED 300
2020-07-01 17:25:56,207 [ 1] INFO  Unity: SetDirection:(-4, 100, 0)
2020-07-01 17:25:56,208 [ 1] INFO  Unity: MapEntityUpdateRequest： ID 10 POS SkillBridge.Message.NVector3 DIR SkillBridge.Message.NVector3 SPEED 300
2020-07-01 17:25:56,399 [ 1] INFO  Unity: SetDirection:(-22, 98, 0)
2020-07-01 17:25:56,400 [ 1] INFO  Unity: MapEntityUpdateRequest： ID 10 POS SkillBridge.Message.NVector3 DIR SkillBridge.Message.NVector3 SPEED 300
2020-07-01 17:25:56,879 [ 1] INFO  Unity: SetDirection:(-39, 92, 0)
2020-07-01 17:25:56,880 [ 1] INFO  Unity: MapEntityUpdateRequest： ID 10 POS SkillBridge.Message.NVector3 DIR SkillBridge.Message.NVector3 SPEED 300
2020-07-01 17:25:56,980 [ 1] INFO  Unity: SetDirection:(-55, 84, 0)
2020-07-01 17:25:56,980 [ 1] INFO  Unity: MapEntityUpdateRequest： ID 10 POS SkillBridge.Message.NVector3 DIR SkillBridge.Message.NVector3 SPEED 300
2020-07-01 17:25:57,051 [ 1] INFO  Unity: SetDirection:(-69, 73, 0)
2020-07-01 17:25:57,052 [ 1] INFO  Unity: MapEntityUpdateRequest： ID 10 POS SkillBridge.Message.NVector3 DIR SkillBridge.Message.NVector3 SPEED 300
2020-07-01 17:25:57,150 [ 1] INFO  Unity: SetDirection:(-82, 57, 0)
2020-07-01 17:25:57,151 [ 1] INFO  Unity: MapEntityUpdateRequest： ID 10 POS SkillBridge.Message.NVector3 DIR SkillBridge.Message.NVector3 SPEED 300
2020-07-01 17:25:57,262 [ 1] INFO  Unity: SetDirection:(-91, 41, 0)
2020-07-01 17:25:57,263 [ 1] INFO  Unity: MapEntityUpdateRequest： ID 10 POS SkillBridge.Message.NVector3 DIR SkillBridge.Message.NVector3 SPEED 300
2020-07-01 17:25:57,430 [ 1] INFO  Unity: SetDirection:(-97, 24, 0)
2020-07-01 17:25:57,431 [ 1] INFO  Unity: MapEntityUpdateRequest： ID 10 POS SkillBridge.Message.NVector3 DIR SkillBridge.Message.NVector3 SPEED 300
2020-07-01 17:25:58,739 [ 1] INFO  Unity: SetDirection:(-91, 41, 0)
2020-07-01 17:25:58,740 [ 1] INFO  Unity: MapEntityUpdateRequest： ID 10 POS SkillBridge.Message.NVector3 DIR SkillBridge.Message.NVector3 SPEED 300
2020-07-01 17:26:00,181 [ 1] INFO  Unity: SetPosition:(5261, 3065, 5)
2020-07-01 17:26:00,182 [ 1] INFO  Unity: MapEntityUpdateRequest： ID 10 POS SkillBridge.Message.NVector3 DIR SkillBridge.Message.NVector3 SPEED 300
2020-07-01 17:26:02,063 [ 1] INFO  Unity: SetPosition:(4746, 3297, 5)
2020-07-01 17:26:02,063 [ 1] INFO  Unity: MapEntityUpdateRequest： ID 10 POS SkillBridge.Message.NVector3 DIR SkillBridge.Message.NVector3 SPEED 300
2020-07-01 17:26:03,956 [ 1] INFO  Unity: SetPosition:(4231, 3529, 5)
2020-07-01 17:26:03,957 [ 1] INFO  Unity: MapEntityUpdateRequest： ID 10 POS SkillBridge.Message.NVector3 DIR SkillBridge.Message.NVector3 SPEED 300
2020-07-01 17:26:05,759 [ 1] INFO  Unity: SetPosition:(3741, 3749, 5)
2020-07-01 17:26:05,760 [ 1] INFO  Unity: MapEntityUpdateRequest： ID 10 POS SkillBridge.Message.NVector3 DIR SkillBridge.Message.NVector3 SPEED 300
2020-07-01 17:26:06,439 [ 1] INFO  Unity: SetDirection:(-97, 24, 0)
2020-07-01 17:26:06,440 [ 1] INFO  Unity: MapEntityUpdateRequest： ID 10 POS SkillBridge.Message.NVector3 DIR SkillBridge.Message.NVector3 SPEED 300
2020-07-01 17:26:08,630 [ 1] INFO  Unity: TeleportObject: Chacater : [杨哥]  Enter Teleport [6:野外传入点] 
2020-07-01 17:26:08,646 [ 1] INFO  Unity: SetDirection:(-100, 6, 0)
2020-07-01 17:26:08,647 [ 1] INFO  Unity: MapEntityUpdateRequest： ID 10 POS SkillBridge.Message.NVector3 DIR SkillBridge.Message.NVector3 SPEED 300
2020-07-01 17:26:08,832 [ 1] INFO  Unity: SetPosition:(2857, 3996, 5)
2020-07-01 17:26:08,833 [ 1] INFO  Unity: MapEntityUpdateRequest： ID 10 POS SkillBridge.Message.NVector3 DIR SkillBridge.Message.NVector3 SPEED 300
2020-07-01 17:26:10,670 [ 1] INFO  Unity: TeleportObject: Chacater : [杨哥]  Enter Teleport [5:野外->主城] 
2020-07-01 17:26:10,671 [ 1] INFO  Unity: MapTeleportRequest： teleporterIdID 5
2020-07-01 17:26:10,708 [ 1] INFO  Unity: OnMapCharacterLeave:charID:10
2020-07-01 17:26:10,709 [ 1] INFO  Unity: RemoveCharacter:10
2020-07-01 17:26:10,710 [ 1] INFO  Unity: RemoveCharacter:2
2020-07-01 17:26:10,711 [ 1] INFO  Unity: RemoveCharacter:3
2020-07-01 17:26:10,712 [ 1] INFO  Unity: RemoveCharacter:4
2020-07-01 17:26:10,713 [ 1] INFO  Unity: RemoveCharacter:5
2020-07-01 17:26:10,714 [ 1] INFO  Unity: Character_10_杨哥 OnDestroy :ID:10 POS:(2297, 3996, 5) DIR:(-100, 6, 0) SPD:300 
2020-07-01 17:26:10,725 [ 1] INFO  Unity: OnMapCharacterEnter: map: 1 count: 1
2020-07-01 17:26:10,726 [ 1] INFO  Unity: AddCharacter:10:杨哥 Map:1 Entity:(10:pos:(1227,2604,836),dir:(100,0,0),spd:300
2020-07-01 17:26:10,735 [ 1] INFO  Unity: LoadLevel: MainCity
2020-07-01 17:26:11,374 [ 1] INFO  Unity: MoveForward
2020-07-01 17:26:11,374 [ 1] INFO  Unity: MapEntityUpdateRequest： ID 10 POS SkillBridge.Message.NVector3 DIR SkillBridge.Message.NVector3 SPEED 300
2020-07-01 17:26:11,645 [ 1] WARN  Unity: MainPlayerCamera  [-359408] Awake
UnityEngine.Debug:LogWarningFormat(String, Object[])
MonoSingleton`1:Awake() (at Assets/Scripts/Utilities/MonoSingleton.cs:23)

2020-07-01 17:26:11,646 [ 1] WARN  Unity: GameObjectManager  [-357036] Awake
UnityEngine.Debug:LogWarningFormat(String, Object[])
MonoSingleton`1:Awake() (at Assets/Scripts/Utilities/MonoSingleton.cs:23)

2020-07-01 17:26:11,646 [ 1] WARN  Unity: UIWorldElementManager  [-354468] Awake
UnityEngine.Debug:LogWarningFormat(String, Object[])
MonoSingleton`1:Awake() (at Assets/Scripts/Utilities/MonoSingleton.cs:23)

2020-07-01 17:26:11,647 [ 1] WARN  Unity: UIMain  [173592] Awake
UnityEngine.Debug:LogWarningFormat(String, Object[])
MonoSingleton`1:Awake() (at Assets/Scripts/Utilities/MonoSingleton.cs:23)

2020-07-01 17:26:11,689 [ 1] INFO  Unity: LevelLoadCompleted:1
2020-07-01 17:26:11,695 [ 1] INFO  Unity: Stop
2020-07-01 17:26:11,697 [ 1] INFO  Unity: MapEntityUpdateRequest： ID 10 POS SkillBridge.Message.NVector3 DIR SkillBridge.Message.NVector3 SPEED 0
2020-07-01 17:26:11,700 [ 1] INFO  Unity: TeleportObject: Chacater : [杨哥]  Enter Teleport [3:主城传入点1] 
2020-07-01 17:26:12,243 [ 1] INFO  Unity: MoveForward
2020-07-01 17:26:12,245 [ 1] INFO  Unity: MapEntityUpdateRequest： ID 10 POS SkillBridge.Message.NVector3 DIR SkillBridge.Message.NVector3 SPEED 300
2020-07-01 17:26:15,318 [ 1] INFO  Unity: SetDirection:(98, 18, 0)
2020-07-01 17:26:15,319 [ 1] INFO  Unity: MapEntityUpdateRequest： ID 10 POS SkillBridge.Message.NVector3 DIR SkillBridge.Message.NVector3 SPEED 300
2020-07-01 17:26:15,420 [ 1] INFO  Unity: SetDirection:(94, 35, 0)
2020-07-01 17:26:15,421 [ 1] INFO  Unity: MapEntityUpdateRequest： ID 10 POS SkillBridge.Message.NVector3 DIR SkillBridge.Message.NVector3 SPEED 300
2020-07-01 17:26:15,518 [ 1] INFO  Unity: SetDirection:(86, 51, 0)
2020-07-01 17:26:15,519 [ 1] INFO  Unity: MapEntityUpdateRequest： ID 10 POS SkillBridge.Message.NVector3 DIR SkillBridge.Message.NVector3 SPEED 300
2020-07-01 17:26:15,607 [ 1] INFO  Unity: SetDirection:(74, 67, 0)
2020-07-01 17:26:15,607 [ 1] INFO  Unity: MapEntityUpdateRequest： ID 10 POS SkillBridge.Message.NVector3 DIR SkillBridge.Message.NVector3 SPEED 300
2020-07-01 17:26:15,755 [ 1] INFO  Unity: SetDirection:(61, 80, 0)
2020-07-01 17:26:15,757 [ 1] INFO  Unity: MapEntityUpdateRequest： ID 10 POS SkillBridge.Message.NVector3 DIR SkillBridge.Message.NVector3 SPEED 300
2020-07-01 17:26:17,688 [ 1] INFO  Unity: Stop
2020-07-01 17:26:17,689 [ 1] INFO  Unity: MapEntityUpdateRequest： ID 10 POS SkillBridge.Message.NVector3 DIR SkillBridge.Message.NVector3 SPEED 0
2020-07-01 17:26:19,098 [ 1] INFO  Unity: MoveForward
2020-07-01 17:26:19,099 [ 1] INFO  Unity: MapEntityUpdateRequest： ID 10 POS SkillBridge.Message.NVector3 DIR SkillBridge.Message.NVector3 SPEED 300
2020-07-01 17:26:19,735 [ 1] INFO  Unity: SetDirection:(74, 68, 0)
2020-07-01 17:26:19,736 [ 1] INFO  Unity: MapEntityUpdateRequest： ID 10 POS SkillBridge.Message.NVector3 DIR SkillBridge.Message.NVector3 SPEED 300
2020-07-01 17:26:21,196 [ 1] INFO  Unity: SetDirection:(59, 81, 0)
2020-07-01 17:26:21,197 [ 1] INFO  Unity: MapEntityUpdateRequest： ID 10 POS SkillBridge.Message.NVector3 DIR SkillBridge.Message.NVector3 SPEED 300
2020-07-01 17:26:21,892 [ 1] INFO  Unity: SetDirection:(44, 90, 0)
2020-07-01 17:26:21,893 [ 1] INFO  Unity: MapEntityUpdateRequest： ID 10 POS SkillBridge.Message.NVector3 DIR SkillBridge.Message.NVector3 SPEED 300
2020-07-01 17:26:22,028 [ 1] INFO  Unity: SetDirection:(27, 96, 0)
2020-07-01 17:26:22,029 [ 1] INFO  Unity: MapEntityUpdateRequest： ID 10 POS SkillBridge.Message.NVector3 DIR SkillBridge.Message.NVector3 SPEED 300
2020-07-01 17:26:24,449 [ 1] INFO  Unity: SetPosition:(3477, 4477, 805)
2020-07-01 17:26:24,450 [ 1] INFO  Unity: MapEntityUpdateRequest： ID 10 POS SkillBridge.Message.NVector3 DIR SkillBridge.Message.NVector3 SPEED 300
2020-07-01 17:26:26,077 [ 1] INFO  Unity: Stop
2020-07-01 17:26:26,078 [ 1] INFO  Unity: MapEntityUpdateRequest： ID 10 POS SkillBridge.Message.NVector3 DIR SkillBridge.Message.NVector3 SPEED 0
2020-07-01 17:26:30,462 [ 1] INFO  Unity: Character_10_杨哥 OnDestroy :ID:10 POS:(3574, 4962, 805) DIR:(27, 96, 0) SPD:0 
2020-07-01 17:26:30,463 [ 1] INFO  Unity: OnDestroy NetworkManager.
2020-07-01 17:26:30,465 [ 1] WARN  Unity: CloseConnection(), errorCode: 1007
UnityEngine.Debug:LogWarning(Object)
Network.NetClient:CloseConnection(Int32) (at Assets/Scripts/Network/NetClient.cs:177)
Network.NetClient:OnDestroy() (at Assets/Scripts/Network/NetClient.cs:172)

